<?xml version="1.0" encoding="UTF-8"?>
<testng-results ignored="0" total="2" passed="2" failed="0" skipped="0">
  <reporter-output>
  </reporter-output>
  <suite started-at="2022-03-17T15:51:19 IST" name="Wiki Suite" finished-at="2022-03-17T15:51:22 IST" duration-ms="3247">
    <groups>
    </groups>
    <test started-at="2022-03-17T15:51:19 IST" name="Wiki2" finished-at="2022-03-17T15:51:22 IST" duration-ms="3216">
      <class name="TestngPkg2.Wiki2">
        <test-method is-config="true" signature="launchBrowser()[pri:0, instance:TestngPkg2.Wiki2@4d5650ae]" started-at="2022-03-17T15:51:19 IST" name="launchBrowser" finished-at="2022-03-17T15:51:22 IST" duration-ms="3138" status="PASS">
          <reporter-output>
          </reporter-output>
        </test-method> <!-- launchBrowser -->
        <test-method signature="verifyHomepageTitle()[pri:0, instance:TestngPkg2.Wiki2@4d5650ae]" started-at="2022-03-17T15:51:22 IST" name="verifyHomepageTitle" finished-at="2022-03-17T15:51:22 IST" duration-ms="18" status="PASS">
          <reporter-output>
          </reporter-output>
        </test-method> <!-- verifyHomepageTitle -->
        <test-method is-config="true" signature="terminateBrowser()[pri:0, instance:TestngPkg2.Wiki2@4d5650ae]" started-at="2022-03-17T15:51:22 IST" name="terminateBrowser" finished-at="2022-03-17T15:51:22 IST" duration-ms="52" status="PASS">
          <reporter-output>
          </reporter-output>
        </test-method> <!-- terminateBrowser -->
      </class> <!-- TestngPkg2.Wiki2 -->
    </test> <!-- Wiki2 -->
    <test started-at="2022-03-17T15:51:19 IST" name="Wiki1" finished-at="2022-03-17T15:51:22 IST" duration-ms="3247">
      <class name="TestngPkg1.Wiki1">
        <test-method is-config="true" signature="launchBrowser()[pri:0, instance:TestngPkg1.Wiki1@31fa1761]" started-at="2022-03-17T15:51:19 IST" name="launchBrowser" finished-at="2022-03-17T15:51:22 IST" duration-ms="3090" status="PASS">
          <reporter-output>
          </reporter-output>
        </test-method> <!-- launchBrowser -->
        <test-method signature="verifyHomepageTitle()[pri:0, instance:TestngPkg1.Wiki1@31fa1761]" started-at="2022-03-17T15:51:22 IST" name="verifyHomepageTitle" finished-at="2022-03-17T15:51:22 IST" duration-ms="29" status="PASS">
          <reporter-output>
          </reporter-output>
        </test-method> <!-- verifyHomepageTitle -->
        <test-method is-config="true" signature="terminateBrowser()[pri:0, instance:TestngPkg1.Wiki1@31fa1761]" started-at="2022-03-17T15:51:22 IST" name="terminateBrowser" finished-at="2022-03-17T15:51:22 IST" duration-ms="93" status="PASS">
          <reporter-output>
          </reporter-output>
        </test-method> <!-- terminateBrowser -->
      </class> <!-- TestngPkg1.Wiki1 -->
    </test> <!-- Wiki1 -->
  </suite> <!-- Wiki Suite -->
</testng-results>
